------------------------------------------------------------------------------------------------------------------------

[2020-10-19 09:16:48 #1 store] 
Database 'D:\UNIBERTSITATEA\SI2 Klaseak\Lantokia\Monopoly2\src\main\resources\bets.temp' is opened by 11048@DESKTOP-FMB4N4K

[2020-10-19 09:17:04 #2 type.registry] 
New type domain.Bezero

[2020-10-19 09:17:04 #3 type] 
Type domain.Bezero is not enhanced.

[2020-10-19 09:17:04 #4 type.registry] 
New type domain.Kontua

[2020-10-19 09:17:04 #5 type.registry] 
New type java.util.Vector<domain.Kontua>

[2020-10-19 09:17:04 #6 type] 
Type domain.Kontua is not enhanced.

[2020-10-19 09:17:04 #7 type.registry] 
New type domain.Transakzio

[2020-10-19 09:17:04 #8 type.registry] 
New type java.util.Vector<domain.Transakzio>

[2020-10-19 09:17:04 #9 type] 
Type domain.Transakzio is not enhanced.

------------------------------------------------------------------------------------------------------------------------

[2020-10-19 11:12:34 #1 store] 
Database 'D:\UNIBERTSITATEA\SI2 Klaseak\Lantokia\GProiektu\src\main\resources\bets.temp' has been recovered (tr. 1-3)

[2020-10-19 11:12:34 #2 store] 
Database 'D:\UNIBERTSITATEA\SI2 Klaseak\Lantokia\GProiektu\src\main\resources\bets.temp' is opened by 20076@DESKTOP-FMB4N4K

[2020-10-19 11:12:34 #3 type] 
Type domain.Bezero is not enhanced.

[2020-10-19 11:12:34 #4 type] 
Type domain.Kontua is not enhanced.

[2020-10-19 11:12:34 #5 type] 
Type domain.Transakzio is not enhanced.

------------------------------------------------------------------------------------------------------------------------

[2020-10-19 11:29:35 #1 store] 
Database 'D:\UNIBERTSITATEA\SI2 Klaseak\Lantokia\GProiektu\src\main\resources\bets.temp' is opened by 6252@DESKTOP-FMB4N4K

[2020-10-19 11:29:35 #2 type] 
Type domain.Bezero is not enhanced.

[2020-10-19 11:29:35 #3 type] 
Type domain.Kontua is not enhanced.

[2020-10-19 11:29:35 #4 type] 
Type domain.Sukurtsal is not enhanced.

[2020-10-19 11:29:35 #5 type] 
Type domain.SukurtsalDibisa is not enhanced.

[2020-10-19 11:29:35 #6 type] 
Type domain.Dibisa is not enhanced.

[2020-10-19 11:29:35 #7 type] 
Type domain.Transakzio is not enhanced.

------------------------------------------------------------------------------------------------------------------------

[2020-10-19 11:31:15 #1 store] 
Database 'D:\UNIBERTSITATEA\SI2 Klaseak\Lantokia\GProiektu\src\main\resources\bets.temp' is opened by 8108@DESKTOP-FMB4N4K

[2020-10-19 11:31:15 #2 type] 
Type domain.Bezero is not enhanced.

[2020-10-19 11:31:15 #3 type] 
Type domain.Kontua is not enhanced.

[2020-10-19 11:31:15 #4 type] 
Type domain.Sukurtsal is not enhanced.

[2020-10-19 11:31:15 #5 type] 
Type domain.SukurtsalDibisa is not enhanced.

[2020-10-19 11:31:15 #6 type] 
Type domain.Dibisa is not enhanced.

[2020-10-19 11:31:15 #7 type] 
Type domain.Transakzio is not enhanced.

------------------------------------------------------------------------------------------------------------------------

[2020-10-19 20:59:48 #1 store] 
Database 'D:\UNIBERTSITATEA\SI2 Klaseak\Lantokia\GProiektu\src\main\resources\bets.temp' is opened by 9872@DESKTOP-FMB4N4K

[2020-10-19 20:59:48 #2 type] 
Type domain.Bezero is not enhanced.

[2020-10-19 20:59:48 #3 type] 
Type domain.Kontua is not enhanced.

[2020-10-19 20:59:48 #4 type] 
Type domain.Sukurtsal is not enhanced.

[2020-10-19 20:59:48 #5 type] 
Type domain.SukurtsalDibisa is not enhanced.

[2020-10-19 20:59:48 #6 type] 
Type domain.Dibisa is not enhanced.

[2020-10-19 20:59:48 #7 type] 
Type domain.Transakzio is not enhanced.

------------------------------------------------------------------------------------------------------------------------

[2020-10-19 23:11:34 #1 store] 
Database 'D:\UNIBERTSITATEA\SI2 Klaseak\Lantokia\GProiektu\src\main\resources\bets.temp' is opened by 18384@DESKTOP-FMB4N4K

[2020-10-19 23:11:34 #2 type] 
Type domain.Bezero is not enhanced.

[2020-10-19 23:11:34 #3 type] 
Type domain.Kontua is not enhanced.

[2020-10-19 23:11:34 #4 type] 
Type domain.Sukurtsal is not enhanced.

[2020-10-19 23:11:34 #5 type] 
Type domain.SukurtsalDibisa is not enhanced.

[2020-10-19 23:11:34 #6 type] 
Type domain.Dibisa is not enhanced.

[2020-10-19 23:11:34 #7 type] 
Type domain.Transakzio is not enhanced.

------------------------------------------------------------------------------------------------------------------------

[2020-10-19 23:12:05 #1 store] 
Database 'D:\UNIBERTSITATEA\SI2 Klaseak\Lantokia\GProiektu\src\main\resources\bets.temp' is opened by 12636@DESKTOP-FMB4N4K

[2020-10-19 23:12:05 #2 type] 
Type domain.Bezero is not enhanced.

[2020-10-19 23:12:05 #3 type] 
Type domain.Kontua is not enhanced.

[2020-10-19 23:12:05 #4 type] 
Type domain.Sukurtsal is not enhanced.

[2020-10-19 23:12:05 #5 type] 
Type domain.SukurtsalDibisa is not enhanced.

[2020-10-19 23:12:05 #6 type] 
Type domain.Dibisa is not enhanced.

[2020-10-19 23:12:05 #7 type] 
Type domain.Transakzio is not enhanced.

------------------------------------------------------------------------------------------------------------------------

[2020-10-19 23:14:56 #1 store] 
Database 'D:\UNIBERTSITATEA\SI2 Klaseak\Lantokia\GProiektu\src\main\resources\bets.temp' is opened by 12840@DESKTOP-FMB4N4K

[2020-10-19 23:14:56 #2 type.registry] 
New type domain.Kontua

[2020-10-19 23:14:56 #3 type] 
Type domain.Kontua is not enhanced.

[2020-10-19 23:14:56 #4 type.registry] 
New type domain.Transakzio

[2020-10-19 23:14:56 #5 type.registry] 
New type java.util.Vector<domain.Transakzio>

[2020-10-19 23:14:56 #6 type.registry] 
New type domain.Bezero

[2020-10-19 23:14:56 #7 type] 
Type domain.Transakzio is not enhanced.

[2020-10-19 23:14:56 #8 type] 
Type domain.Bezero is not enhanced.

[2020-10-19 23:14:56 #9 type.registry] 
New type java.util.Vector<domain.Kontua>

[2020-10-19 23:14:56 #10 type.registry] 
New type domain.Sukurtsal

[2020-10-19 23:14:56 #11 type] 
Type domain.Sukurtsal is not enhanced.

[2020-10-19 23:14:56 #12 type.registry] 
New type domain.SukurtsalDibisa

[2020-10-19 23:14:56 #13 type.registry] 
New type java.util.Vector<domain.SukurtsalDibisa>

[2020-10-19 23:14:56 #14 type.registry] 
New type java.util.Vector<domain.Bezero>

[2020-10-19 23:14:56 #15 type] 
Type domain.SukurtsalDibisa is not enhanced.

[2020-10-19 23:14:56 #16 type.registry] 
New type domain.Dibisa

[2020-10-19 23:14:56 #17 type] 
Type domain.Dibisa is not enhanced.

------------------------------------------------------------------------------------------------------------------------

[2020-10-19 23:15:04 #1 store] 
Database 'D:\UNIBERTSITATEA\SI2 Klaseak\Lantokia\GProiektu\src\main\resources\bets.temp' is opened by 4072@DESKTOP-FMB4N4K

[2020-10-19 23:15:04 #2 type.registry] 
New type domain.Kontua

[2020-10-19 23:15:04 #3 type] 
Type domain.Kontua is not enhanced.

[2020-10-19 23:15:04 #4 type.registry] 
New type domain.Transakzio

[2020-10-19 23:15:04 #5 type.registry] 
New type java.util.Vector<domain.Transakzio>

[2020-10-19 23:15:04 #6 type.registry] 
New type domain.Bezero

[2020-10-19 23:15:04 #7 type] 
Type domain.Transakzio is not enhanced.

[2020-10-19 23:15:04 #8 type] 
Type domain.Bezero is not enhanced.

[2020-10-19 23:15:04 #9 type.registry] 
New type java.util.Vector<domain.Kontua>

[2020-10-19 23:15:04 #10 type.registry] 
New type domain.Sukurtsal

[2020-10-19 23:15:04 #11 type] 
Type domain.Sukurtsal is not enhanced.

[2020-10-19 23:15:04 #12 type.registry] 
New type domain.SukurtsalDibisa

[2020-10-19 23:15:04 #13 type.registry] 
New type java.util.Vector<domain.SukurtsalDibisa>

[2020-10-19 23:15:04 #14 type.registry] 
New type java.util.Vector<domain.Bezero>

[2020-10-19 23:15:04 #15 type] 
Type domain.SukurtsalDibisa is not enhanced.

[2020-10-19 23:15:04 #16 type.registry] 
New type domain.Dibisa

[2020-10-19 23:15:04 #17 type] 
Type domain.Dibisa is not enhanced.

------------------------------------------------------------------------------------------------------------------------

[2020-10-19 23:15:27 #1 store] 
Database 'D:\UNIBERTSITATEA\SI2 Klaseak\Lantokia\GProiektu\src\main\resources\bets.temp' is opened by 16192@DESKTOP-FMB4N4K

[2020-10-19 23:15:27 #2 type.registry] 
New type domain.Kontua

[2020-10-19 23:15:27 #3 type] 
Type domain.Kontua is not enhanced.

[2020-10-19 23:15:27 #4 type.registry] 
New type domain.Transakzio

[2020-10-19 23:15:27 #5 type.registry] 
New type java.util.Vector<domain.Transakzio>

[2020-10-19 23:15:27 #6 type.registry] 
New type domain.Bezero

[2020-10-19 23:15:27 #7 type] 
Type domain.Transakzio is not enhanced.

[2020-10-19 23:15:27 #8 type] 
Type domain.Bezero is not enhanced.

[2020-10-19 23:15:27 #9 type.registry] 
New type java.util.Vector<domain.Kontua>

[2020-10-19 23:15:27 #10 type.registry] 
New type domain.Sukurtsal

[2020-10-19 23:15:27 #11 type] 
Type domain.Sukurtsal is not enhanced.

[2020-10-19 23:15:27 #12 type.registry] 
New type domain.SukurtsalDibisa

[2020-10-19 23:15:27 #13 type.registry] 
New type java.util.Vector<domain.SukurtsalDibisa>

[2020-10-19 23:15:27 #14 type.registry] 
New type java.util.Vector<domain.Bezero>

[2020-10-19 23:15:27 #15 type] 
Type domain.SukurtsalDibisa is not enhanced.

[2020-10-19 23:15:27 #16 type.registry] 
New type domain.Dibisa

[2020-10-19 23:15:27 #17 type] 
Type domain.Dibisa is not enhanced.

------------------------------------------------------------------------------------------------------------------------

[2020-10-19 23:16:04 #1 store] 
Database 'D:\UNIBERTSITATEA\SI2 Klaseak\Lantokia\GProiektu\src\main\resources\bets.temp' is opened by 12692@DESKTOP-FMB4N4K

[2020-10-19 23:16:04 #2 type] 
Type domain.Kontua is not enhanced.

[2020-10-19 23:16:04 #3 type] 
Type domain.Transakzio is not enhanced.

[2020-10-19 23:16:04 #4 type] 
Type domain.Bezero is not enhanced.

[2020-10-19 23:16:04 #5 type] 
Type domain.Sukurtsal is not enhanced.

[2020-10-19 23:16:04 #6 type] 
Type domain.SukurtsalDibisa is not enhanced.

[2020-10-19 23:16:04 #7 type] 
Type domain.Dibisa is not enhanced.

------------------------------------------------------------------------------------------------------------------------

[2020-10-19 23:16:42 #1 store] 
Database 'D:\UNIBERTSITATEA\SI2 Klaseak\Lantokia\GProiektu\src\main\resources\bets.temp' is opened by 11956@DESKTOP-FMB4N4K

[2020-10-19 23:16:43 #2 type] 
Type domain.Kontua is not enhanced.

[2020-10-19 23:16:43 #3 type] 
Type domain.Transakzio is not enhanced.

[2020-10-19 23:16:43 #4 type] 
Type domain.Bezero is not enhanced.

[2020-10-19 23:16:43 #5 type] 
Type domain.Sukurtsal is not enhanced.

[2020-10-19 23:16:43 #6 type] 
Type domain.SukurtsalDibisa is not enhanced.

[2020-10-19 23:16:43 #7 type] 
Type domain.Dibisa is not enhanced.

------------------------------------------------------------------------------------------------------------------------

[2020-10-19 23:18:30 #1 store] 
Database 'D:\UNIBERTSITATEA\SI2 Klaseak\Lantokia\GProiektu\src\main\resources\bets.temp' is opened by 12068@DESKTOP-FMB4N4K

[2020-10-19 23:18:43 #2 type.registry] 
New type domain.Bezero

[2020-10-19 23:18:43 #3 type] 
Type domain.Bezero is not enhanced.

[2020-10-19 23:18:43 #4 type.registry] 
New type domain.Kontua

[2020-10-19 23:18:43 #5 type.registry] 
New type java.util.Vector<domain.Kontua>

[2020-10-19 23:18:43 #6 type] 
Type domain.Kontua is not enhanced.

[2020-10-19 23:18:43 #7 type.registry] 
New type domain.Transakzio

[2020-10-19 23:18:43 #8 type.registry] 
New type java.util.Vector<domain.Transakzio>

[2020-10-19 23:18:43 #9 type] 
Type domain.Transakzio is not enhanced.

