------------------------------------------------------------------------------------------------------------------------

[2020-11-15 21:11:09 #1 store] 
Database 'D:\UNIBERTSITATEA\SI2 Klaseak\Lantokia\GProiektu\src\main\resources\bets.temp' is opened by 7092@DESKTOP-FMB4N4K

[2020-11-15 21:11:09 #2 type] 
Type domain.Bezero is not enhanced.

[2020-11-15 21:11:09 #3 type] 
Type domain.Kontua is not enhanced.

[2020-11-15 21:11:09 #4 type] 
Type domain.Sukurtsal is not enhanced.

[2020-11-15 21:11:09 #5 type] 
Type domain.SukurtsalDibisa is not enhanced.

[2020-11-15 21:11:09 #6 type] 
Type domain.Dibisa is not enhanced.

[2020-11-15 21:11:09 #7 type] 
Type domain.Transakzio is not enhanced.

------------------------------------------------------------------------------------------------------------------------

[2020-11-15 21:12:19 #1 store] 
Database 'D:\UNIBERTSITATEA\SI2 Klaseak\Lantokia\GProiektu\src\main\resources\bets.temp' is opened by 17032@DESKTOP-FMB4N4K

[2020-11-15 21:12:19 #2 type] 
Type domain.Bezero is not enhanced.

[2020-11-15 21:12:19 #3 type] 
Type domain.Kontua is not enhanced.

[2020-11-15 21:12:19 #4 type] 
Type domain.Sukurtsal is not enhanced.

[2020-11-15 21:12:19 #5 type] 
Type domain.SukurtsalDibisa is not enhanced.

[2020-11-15 21:12:19 #6 type] 
Type domain.Dibisa is not enhanced.

[2020-11-15 21:12:19 #7 type] 
Type domain.Transakzio is not enhanced.

------------------------------------------------------------------------------------------------------------------------

[2020-11-15 23:03:13 #1 store] 
Database 'D:\UNIBERTSITATEA\SI2 Klaseak\Lantokia\GProiektu\src\main\resources\bets.temp' is opened by 19232@DESKTOP-FMB4N4K

[2020-11-15 23:03:13 #2 type] 
Type domain.Bezero is not enhanced.

[2020-11-15 23:03:13 #3 type] 
Type domain.Kontua is not enhanced.

[2020-11-15 23:03:13 #4 type] 
Type domain.Sukurtsal is not enhanced.

[2020-11-15 23:03:13 #5 type] 
Type domain.SukurtsalDibisa is not enhanced.

[2020-11-15 23:03:13 #6 type] 
Type domain.Dibisa is not enhanced.

[2020-11-15 23:03:13 #7 type] 
Type domain.Transakzio is not enhanced.

------------------------------------------------------------------------------------------------------------------------

[2020-11-15 23:04:57 #1 store] 
Database 'D:\UNIBERTSITATEA\SI2 Klaseak\Lantokia\GProiektu\src\main\resources\bets.temp' is opened by 14356@DESKTOP-FMB4N4K

[2020-11-15 23:04:57 #2 type] 
Type domain.Bezero is not enhanced.

[2020-11-15 23:04:57 #3 type] 
Type domain.Kontua is not enhanced.

[2020-11-15 23:04:57 #4 type] 
Type domain.Sukurtsal is not enhanced.

[2020-11-15 23:04:57 #5 type] 
Type domain.SukurtsalDibisa is not enhanced.

[2020-11-15 23:04:57 #6 type] 
Type domain.Dibisa is not enhanced.

[2020-11-15 23:04:57 #7 type] 
Type domain.Transakzio is not enhanced.

------------------------------------------------------------------------------------------------------------------------

[2020-11-15 23:05:59 #1 store] 
Database 'D:\UNIBERTSITATEA\SI2 Klaseak\Lantokia\GProiektu\src\main\resources\bets.temp' is opened by 7484@DESKTOP-FMB4N4K

[2020-11-15 23:05:59 #2 type] 
Type domain.Bezero is not enhanced.

[2020-11-15 23:05:59 #3 type] 
Type domain.Kontua is not enhanced.

[2020-11-15 23:05:59 #4 type] 
Type domain.Sukurtsal is not enhanced.

[2020-11-15 23:05:59 #5 type] 
Type domain.SukurtsalDibisa is not enhanced.

[2020-11-15 23:05:59 #6 type] 
Type domain.Dibisa is not enhanced.

[2020-11-15 23:05:59 #7 type] 
Type domain.Transakzio is not enhanced.

------------------------------------------------------------------------------------------------------------------------

[2020-11-15 23:06:26 #1 store] 
Database 'D:\UNIBERTSITATEA\SI2 Klaseak\Lantokia\GProiektu\src\main\resources\bets.temp' is opened by 12008@DESKTOP-FMB4N4K

[2020-11-15 23:06:26 #2 type] 
Type domain.Bezero is not enhanced.

[2020-11-15 23:06:26 #3 type] 
Type domain.Kontua is not enhanced.

[2020-11-15 23:06:26 #4 type] 
Type domain.Sukurtsal is not enhanced.

[2020-11-15 23:06:26 #5 type] 
Type domain.SukurtsalDibisa is not enhanced.

[2020-11-15 23:06:26 #6 type] 
Type domain.Dibisa is not enhanced.

[2020-11-15 23:06:26 #7 type] 
Type domain.Transakzio is not enhanced.

------------------------------------------------------------------------------------------------------------------------

[2020-11-15 23:24:12 #1 store] 
Database 'D:\UNIBERTSITATEA\SI2 Klaseak\Lantokia\GProiektu\src\main\resources\bets.temp' is opened by 3492@DESKTOP-FMB4N4K

[2020-11-15 23:24:13 #2 type] 
Type domain.Bezero is not enhanced.

[2020-11-15 23:24:13 #3 type] 
Type domain.Kontua is not enhanced.

[2020-11-15 23:24:13 #4 type] 
Type domain.Sukurtsal is not enhanced.

[2020-11-15 23:24:13 #5 type] 
Type domain.SukurtsalDibisa is not enhanced.

[2020-11-15 23:24:13 #6 type] 
Type domain.Dibisa is not enhanced.

[2020-11-15 23:24:13 #7 type] 
Type domain.Transakzio is not enhanced.

------------------------------------------------------------------------------------------------------------------------

[2020-11-15 23:25:18 #1 store] 
Database 'D:\UNIBERTSITATEA\SI2 Klaseak\Lantokia\GProiektu\src\main\resources\bets.temp' is opened by 10328@DESKTOP-FMB4N4K

[2020-11-15 23:25:19 #2 type] 
Type domain.Bezero is not enhanced.

[2020-11-15 23:25:19 #3 type] 
Type domain.Kontua is not enhanced.

[2020-11-15 23:25:19 #4 type] 
Type domain.Sukurtsal is not enhanced.

[2020-11-15 23:25:19 #5 type] 
Type domain.SukurtsalDibisa is not enhanced.

[2020-11-15 23:25:19 #6 type] 
Type domain.Dibisa is not enhanced.

[2020-11-15 23:25:19 #7 type] 
Type domain.Transakzio is not enhanced.

