------------------------------------------------------------------------------------------------------------------------

[2020-10-05 09:10:45 #1 store] 
Database 'D:\UNIBERTSITATEA\SI2 Klaseak\Lantokia\Globaleko proiektua\src\main\resources\bets.temp' has been recovered (tr. 773-776)

[2020-10-05 09:10:45 #2 store] 
Database 'D:\UNIBERTSITATEA\SI2 Klaseak\Lantokia\Globaleko proiektua\src\main\resources\bets.temp' is opened by 7120@DESKTOP-FMB4N4K

[2020-10-05 09:10:45 #3 type] 
Type domain.Bezero is not enhanced.

[2020-10-05 09:10:45 #4 type] 
Type domain.Kontua is not enhanced.

[2020-10-05 09:10:45 #5 type] 
Type domain.Sukurtsal is not enhanced.

[2020-10-05 09:10:45 #6 type] 
Type domain.SukurtsalDibisa is not enhanced.

[2020-10-05 09:10:45 #7 type] 
Type domain.Dibisa is not enhanced.

[2020-10-05 09:10:45 #8 type] 
Type domain.Transakzio is not enhanced.

------------------------------------------------------------------------------------------------------------------------

[2020-10-05 12:43:05 #1 store] 
Database 'D:\UNIBERTSITATEA\SI2 Klaseak\Lantokia\Globaleko proiektua\src\main\resources\bets.temp' has been recovered (tr. 777-780)

[2020-10-05 12:43:05 #2 store] 
Database 'D:\UNIBERTSITATEA\SI2 Klaseak\Lantokia\Globaleko proiektua\src\main\resources\bets.temp' is opened by 21000@DESKTOP-FMB4N4K

[2020-10-05 12:43:05 #3 type] 
Type domain.Bezero is not enhanced.

[2020-10-05 12:43:05 #4 type] 
Type domain.Kontua is not enhanced.

[2020-10-05 12:43:05 #5 type] 
Type domain.Sukurtsal is not enhanced.

[2020-10-05 12:43:05 #6 type] 
Type domain.SukurtsalDibisa is not enhanced.

[2020-10-05 12:43:05 #7 type] 
Type domain.Dibisa is not enhanced.

[2020-10-05 12:43:05 #8 type] 
Type domain.Transakzio is not enhanced.

------------------------------------------------------------------------------------------------------------------------

[2020-10-05 12:43:57 #1 store] 
Database 'D:\UNIBERTSITATEA\SI2 Klaseak\Lantokia\Globaleko proiektua\src\main\resources\bets.temp' is opened by 10232@DESKTOP-FMB4N4K

[2020-10-05 12:43:58 #2 type] 
Type domain.Bezero is not enhanced.

[2020-10-05 12:43:58 #3 type] 
Type domain.Kontua is not enhanced.

[2020-10-05 12:43:58 #4 type] 
Type domain.Sukurtsal is not enhanced.

[2020-10-05 12:43:58 #5 type] 
Type domain.SukurtsalDibisa is not enhanced.

[2020-10-05 12:43:58 #6 type] 
Type domain.Dibisa is not enhanced.

[2020-10-05 12:43:58 #7 type] 
Type domain.Transakzio is not enhanced.

------------------------------------------------------------------------------------------------------------------------

[2020-10-05 12:46:16 #1 store] 
Database 'D:\UNIBERTSITATEA\SI2 Klaseak\Lantokia\Globaleko proiektua\src\main\resources\bets.temp' is opened by 12152@DESKTOP-FMB4N4K

[2020-10-05 12:46:16 #2 type] 
Type domain.Bezero is not enhanced.

[2020-10-05 12:46:16 #3 type] 
Type domain.Kontua is not enhanced.

[2020-10-05 12:46:16 #4 type] 
Type domain.Sukurtsal is not enhanced.

[2020-10-05 12:46:16 #5 type] 
Type domain.SukurtsalDibisa is not enhanced.

[2020-10-05 12:46:16 #6 type] 
Type domain.Dibisa is not enhanced.

[2020-10-05 12:46:16 #7 type] 
Type domain.Transakzio is not enhanced.

------------------------------------------------------------------------------------------------------------------------

[2020-10-05 12:48:33 #1 store] 
Database 'D:\UNIBERTSITATEA\SI2 Klaseak\Lantokia\Globaleko proiektua\src\main\resources\bets.temp' has been recovered (tr. 781-784)

[2020-10-05 12:48:33 #2 store] 
Database 'D:\UNIBERTSITATEA\SI2 Klaseak\Lantokia\Globaleko proiektua\src\main\resources\bets.temp' is opened by 3440@DESKTOP-FMB4N4K

[2020-10-05 12:48:33 #3 type] 
Type domain.Bezero is not enhanced.

[2020-10-05 12:48:33 #4 type] 
Type domain.Kontua is not enhanced.

[2020-10-05 12:48:33 #5 type] 
Type domain.Sukurtsal is not enhanced.

[2020-10-05 12:48:33 #6 type] 
Type domain.SukurtsalDibisa is not enhanced.

[2020-10-05 12:48:33 #7 type] 
Type domain.Dibisa is not enhanced.

[2020-10-05 12:48:33 #8 type] 
Type domain.Transakzio is not enhanced.

------------------------------------------------------------------------------------------------------------------------

[2020-10-05 12:48:45 #1 store] 
Database 'D:\UNIBERTSITATEA\SI2 Klaseak\Lantokia\Globaleko proiektua\src\main\resources\bets.temp' is opened by 2692@DESKTOP-FMB4N4K

[2020-10-05 12:48:45 #2 type] 
Type domain.Bezero is not enhanced.

[2020-10-05 12:48:45 #3 type] 
Type domain.Kontua is not enhanced.

[2020-10-05 12:48:45 #4 type] 
Type domain.Sukurtsal is not enhanced.

[2020-10-05 12:48:45 #5 type] 
Type domain.SukurtsalDibisa is not enhanced.

[2020-10-05 12:48:45 #6 type] 
Type domain.Dibisa is not enhanced.

[2020-10-05 12:48:45 #7 type] 
Type domain.Transakzio is not enhanced.

------------------------------------------------------------------------------------------------------------------------

[2020-10-05 12:57:20 #1 store] 
Database 'D:\UNIBERTSITATEA\SI2 Klaseak\Lantokia\Globaleko proiektua\src\main\resources\bets.temp' is opened by 3400@DESKTOP-FMB4N4K

[2020-10-05 12:57:20 #2 type] 
Type domain.Bezero is not enhanced.

[2020-10-05 12:57:20 #3 type] 
Type domain.Kontua is not enhanced.

[2020-10-05 12:57:20 #4 type] 
Type domain.Sukurtsal is not enhanced.

[2020-10-05 12:57:20 #5 type] 
Type domain.SukurtsalDibisa is not enhanced.

[2020-10-05 12:57:20 #6 type] 
Type domain.Dibisa is not enhanced.

[2020-10-05 12:57:20 #7 type] 
Type domain.Transakzio is not enhanced.

