------------------------------------------------------------------------------------------------------------------------

[2020-10-15 09:19:21 #1 store] 
Database 'C:\Users\asier\git\SI2Proiektu\src\main\resources\bets.temp' is opened by 4804@DESKTOP-FMB4N4K

[2020-10-15 09:19:22 #2 type] 
Type domain.Bezero is not enhanced.

[2020-10-15 09:19:22 #3 type] 
Type domain.Kontua is not enhanced.

[2020-10-15 09:19:22 #4 type] 
Type domain.Sukurtsal is not enhanced.

[2020-10-15 09:19:22 #5 type] 
Type domain.SukurtsalDibisa is not enhanced.

[2020-10-15 09:19:22 #6 type] 
Type domain.Dibisa is not enhanced.

[2020-10-15 09:19:22 #7 type] 
Type domain.Transakzio is not enhanced.

------------------------------------------------------------------------------------------------------------------------

[2020-10-15 11:50:52 #1 store] 
Database 'C:\Users\asier\git\SI2Proiektu\src\main\resources\bets.temp' has been recovered (tr. 790-790)

[2020-10-15 11:50:52 #2 store] 
Database 'C:\Users\asier\git\SI2Proiektu\src\main\resources\bets.temp' is opened by 2848@DESKTOP-FMB4N4K

[2020-10-15 11:50:52 #3 type] 
Type domain.Bezero is not enhanced.

[2020-10-15 11:50:52 #4 type] 
Type domain.Kontua is not enhanced.

[2020-10-15 11:50:52 #5 type] 
Type domain.Sukurtsal is not enhanced.

[2020-10-15 11:50:52 #6 type] 
Type domain.SukurtsalDibisa is not enhanced.

[2020-10-15 11:50:52 #7 type] 
Type domain.Dibisa is not enhanced.

[2020-10-15 11:50:52 #8 type] 
Type domain.Transakzio is not enhanced.

