------------------------------------------------------------------------------------------------------------------------

[2020-10-15 09:19:21 #1 store] 
Database 'C:\Users\asier\git\SI2Proiektu\src\main\resources\bets.temp' is opened by 4804@DESKTOP-FMB4N4K

[2020-10-15 09:19:22 #2 type] 
Type domain.Bezero is not enhanced.

[2020-10-15 09:19:22 #3 type] 
Type domain.Kontua is not enhanced.

[2020-10-15 09:19:22 #4 type] 
Type domain.Sukurtsal is not enhanced.

[2020-10-15 09:19:22 #5 type] 
Type domain.SukurtsalDibisa is not enhanced.

[2020-10-15 09:19:22 #6 type] 
Type domain.Dibisa is not enhanced.

[2020-10-15 09:19:22 #7 type] 
Type domain.Transakzio is not enhanced.

------------------------------------------------------------------------------------------------------------------------

[2020-10-15 11:50:52 #1 store] 
Database 'C:\Users\asier\git\SI2Proiektu\src\main\resources\bets.temp' has been recovered (tr. 790-790)

[2020-10-15 11:50:52 #2 store] 
Database 'C:\Users\asier\git\SI2Proiektu\src\main\resources\bets.temp' is opened by 2848@DESKTOP-FMB4N4K

[2020-10-15 11:50:52 #3 type] 
Type domain.Bezero is not enhanced.

[2020-10-15 11:50:52 #4 type] 
Type domain.Kontua is not enhanced.

[2020-10-15 11:50:52 #5 type] 
Type domain.Sukurtsal is not enhanced.

[2020-10-15 11:50:52 #6 type] 
Type domain.SukurtsalDibisa is not enhanced.

[2020-10-15 11:50:52 #7 type] 
Type domain.Dibisa is not enhanced.

[2020-10-15 11:50:52 #8 type] 
Type domain.Transakzio is not enhanced.

------------------------------------------------------------------------------------------------------------------------

[2020-10-15 12:31:16 #1 store] 
Database 'D:\UNIBERTSITATEA\SI2 Klaseak\Lantokia\Monopoly2\src\main\resources\bets.temp' is opened by 7768@DESKTOP-FMB4N4K

------------------------------------------------------------------------------------------------------------------------

[2020-10-15 12:32:24 #1 store] 
Database 'D:\UNIBERTSITATEA\SI2 Klaseak\Lantokia\Monopoly2\src\main\resources\bets.temp' has been recovered (tr. 1-2)

[2020-10-15 12:32:24 #2 store] 
Database 'D:\UNIBERTSITATEA\SI2 Klaseak\Lantokia\Monopoly2\src\main\resources\bets.temp' is opened by 8632@DESKTOP-FMB4N4K

[2020-10-15 12:32:49 #3 type.registry] 
New type domain.Bezero

[2020-10-15 12:32:49 #4 type] 
Type domain.Bezero is not enhanced.

[2020-10-15 12:32:49 #5 type.registry] 
New type domain.Kontua

[2020-10-15 12:32:49 #6 type.registry] 
New type java.util.Vector<domain.Kontua>

[2020-10-15 12:32:49 #7 type] 
Type domain.Kontua is not enhanced.

[2020-10-15 12:32:49 #8 type.registry] 
New type domain.Transakzio

[2020-10-15 12:32:49 #9 type.registry] 
New type java.util.Vector<domain.Transakzio>

[2020-10-15 12:32:49 #10 type] 
Type domain.Transakzio is not enhanced.

